[    0000000] Iniiazig group subss puet
[    0.000000 Iitalzig cgroup susy cu
[    0.0000 Iitalizing cgroup subsys cpuacct
[    0.000000] Linux version 4.4.0-154-generic (buildd@lgw01-amd64-049) (gcc version 5.4.0 20160609 (Ubuntu 5.4.0-6ubuntu1~16.04.10) ) #181-Ubuntu SMP Tue Jun 25 05:29:03 UTC 2019 (Ubuntu 4.4.0-154.181-generic 4.4.179)
[    0.000000] Command line: BOOT_IMAGE=/boot/vmlinuz-4.4.0-154-generic root=LABEL=cloudimg-rootfs ro console=tty1 console=ttyS0
[    0.000000] KERNEL supported cpus:
[    0.000000]   Intel GenuineIntel
[    0.000000]   AMD AuthenticAMD
[    0.000000]   Centaur CentaurHauls
[    0.000000] x86/fpu: xstate_offset[2]:  576, xstate_sizes[2]:  256
[    0.000000] x86/fpu: Supporting XSAVE feature 0x01: 'x87 floating point registers'
[    0.000000] x86/fpu: Supporting XSAVE feature 0x02: 'SSE registers'
[    0.000000] x86/fpu: Supporting XSAVE feature 0x04: 'AVX registers'
[    0.000000] x86/fpu: Enabled xstate features 0x7, context size is 832 bytes, using 'standard' format.
[    0.000000] e820: BIOS-provided physical RAM map:
[    0.000000] BIOS-e820: [mem 0x0000000000000000-0x000000000009fbff] usable
[    0.000000] BIOS-e820: [mem 0x000000000009fc00-0x000000000009ffff] reserved
[    0.000000] BIOS-e820: [mem 0x00000000000f0000-0x00000000000fffff] reserved
[    0.000000] BIOS-e820: [mem 0x0000000000100000-0x000000007b4effff] usable
[    0.000000] BIOS-e820: [mem 0x000000007b4f0000-0x000000007b4fffff] ACPI data
[    0.000000] BIOS-e820: [mem 0x00000000fec00000-0x00000000fec00fff] reserved
[    0.000000] BIOS-e820: [mem 0x00000000fee00000-0x00000000fee00fff] reserved
[    0.000000] BIOS-e820: [mem 0x00000000fffc0000-0x00000000ffffffff] reserved
[    0.000000] NX (Execute Disable) protection: active
[    0.000000] SMBIOS 2.5 present.
[    0.000000] Hypervisor detected: KVM
[    0.000000] e820: last_pfn = 0x7b4f0 max_arch_pfn = 0x400000000
[    0.000000] MTRR: Disabled
[    0.000000] x86/PAT: MTRRs disabled, skipping PAT initialization too.
[    0.000000] CPU MTRRs all blank - virtualized system.
[    0.000000] x86/PAT: Configuration [0-7]: WB  WT  UC- UC  WB  WT  UC- UC  
[    0.000000] found SMP MP-table at [mem 0x0009fff0-0x0009ffff] mapped at [ffff88000009fff0]
[    0.000000] Scanning 1 areas for low memory corruption
[    0.000000] RAMDISK: [mem 0x362fc000-0x37175fff]
[    0.000000] ACPI: Early table checksum verification disabled
[    0.000000] ACPI: RSDP 0x00000000000E0000 000024 (v02 VBOX  )
[    0.000000] ACPI: XSDT 0x000000007B4F0030 00003C (v01 VBOX   VBOXXSDT 00000001 ASL  00000061)
[    0.000000] ACPI: FACP 0x000000007B4F00F0 0000F4 (v04 VBOX   VBOXFACP 00000001 ASL  00000061)
[    0.000000] ACPI: DSDT 0x000000007B4F0480 0021FF (v02 VBOX   VBOXBIOS 00000002 INTL 20180105)
[    0.000000] ACPI: FACS 0x000000007B4F0200 000040
[    0.000000] ACPI: FACS 0x000000007B4F0200 000040
[    0.000000] ACPI: APIC 0x000000007B4F0240 00006C (v02 VBOX   VBOXAPIC 00000001 ASL  00000061)
[    0.000000] ACPI: SSDT 0x000000007B4F02B0 0001CC (v01 VBOX   VBOXCPUT 00000002 INTL 20180105)
[    0.000000] No NUMA configuration found
[    0.000000] Faking a node at [mem 0x0000000000000000-0x000000007b4effff]
[    0.000000] NODE_DATA(0) allocated [mem 0x7b4eb000-0x7b4effff]
[    0.000000] kvm-clock: Using msrs 4b564d01 and 4b564d00
[    0.000000] kvm-clock: cpu 0, msr 0:7b4e3001, primary cpu clock
[    0.000000] kvm-clock: using sched offset of 3430181983 cycles
[    0.000000] clocksource: kvm-clock: mask: 0xffffffffffffffff max_cycles: 0x1cd42e4dffb, max_idle_ns: 881590591483 ns
[    0.000000] Zone ranges:
[    0.000000]   DMA      [mem 0x0000000000001000-0x0000000000ffffff]
[    0.000000]   DMA32    [mem 0x0000000001000000-0x000000007b4effff]
[    0.000000]   Normal   empty
[    0.000000]   Device   empty
[    0.000000] Movable zone start for each node
[    0.000000] Early memory node ranges
[    0.000000]   node   0: [mem 0x0000000000001000-0x000000000009efff]
[    0.000000]   node   0: [mem 0x0000000000100000-0x000000007b4effff]
[    0.000000] Initmem setup node 0 [mem 0x0000000000001000-0x000000007b4effff]
[    0.000000] ACPI: PM-Timer IO Port: 0x4008
[    0.000000] IOAPIC[0]: apic_id 4, version 32, address 0xfec00000, GSI 0-23
[    0.000000] ACPI: INT_SRC_OVR (bus 0 bus_irq 0 global_irq 2 dfl dfl)
[    0.000000] ACPI: INT_SRC_OVR (bus 0 bus_irq 9 global_irq 9 low level)
[    0.000000] Using ACPI (MADT) for SMP configuration information
[    0.000000] smpboot: Allowing 4 CPUs, 0 hotplug CPUs
[    0.000000] PM: Registered nosave memory: [mem 0x00000000-0x00000fff]
[    0.000000] PM: Registered nosave memory: [mem 0x0009f000-0x0009ffff]
[    0.000000] PM: Registered nosave memory: [mem 0x000a0000-0x000effff]
[    0.000000] PM: Registered nosave memory: [mem 0x000f0000-0x000fffff]
[    0.000000] e820: [mem 0x7b500000-0xfebfffff] available for PCI devices
[    0.000000] Booting paravirtualized kernel on KVM
[    0.000000] clocksource: refined-jiffies: mask: 0xffffffff max_cycles: 0xffffffff, max_idle_ns: 7645519600211568 ns
[    0.000000] setup_percpu: NR_CPUS:512 nr_cpumask_bits:512 nr_cpu_ids:4 nr_node_ids:1
[    0.000000] PERCPU: Embedded 34 pages/cpu @ffff88007b200000 s99480 r8192 d31592 u524288
[    0.000000] Built 1 zonelists in Node order, mobility grouping on.  Total pages: 497060
[    0.000000] Policy zone: DMA32
[    0.000000] Kernel command line: BOOT_IMAGE=/boot/vmlinuz-4.4.0-154-generic root=LABEL=cloudimg-rootfs ro console=tty1 console=ttyS0
[    0.000000] PID hash table entries: 4096 (order: 3, 32768 bytes)
[    0.000000] Memory: 1952856K/2019896K available (8613K kernel code, 1335K rwdata, 4028K rodata, 1484K init, 1284K bss, 67040K reserved, 0K cma-reserved)
[    0.000000] SLUB: HWalign=64, Order=0-3, MinObjects=0, CPUs=4, Nodes=1
[    0.000000] Kernel/User page tables isolation: enabled
[    0.000000] Hierarchical RCU implementation.
[    0.000000] 	Build-time adjustment of leaf fanout to 64.
[    0.000000] 	RCU restricting CPUs from NR_CPUS=512 to nr_cpu_ids=4.
[    0.000000] RCU: Adjusting geometry for rcu_fanout_leaf=64, nr_cpu_ids=4
[    0.000000] NR_IRQS:33024 nr_irqs:456 16
[    0.000000] Console: colour VGA+ 80x25
[    0.000000] console [tty1] enabled
[    0.000000] console [ttyS0] enabled
[    0.000000] tsc: Detected 2893.812 MHz processor
[    0.412617] Calibrating delay loop (skipped) preset value.. 5787.62 BogoMIPS (lpj=11575248)
[    0.413959] pid_max: default: 32768 minimum: 301
[    0.414674] ACPI: Core revision 20150930
[    0.416122] ACPI: 2 ACPI AML tables successfully acquired and loaded
[    0.417152] Security Framework initialized
[    0.417812] Yama: becoming mindful.
[    0.418416] AppArmor: AppArmor initialized
[    0.419563] Dentry cache hash table entries: 262144 (order: 9, 2097152 bytes)
[    0.420869] Inode-cache hash table entries: 131072 (order: 8, 1048576 bytes)
[    0.422365] Mount-cache hash table entries: 4096 (order: 3, 32768 bytes)
[    0.423327] Mountpoint-cache hash table entries: 4096 (order: 3, 32768 bytes)
[    0.424504] Initializing cgroup subsys io
[    0.425165] Initializing cgroup subsys memory
[    0.425854] Initializing cgroup subsys devices
[    0.426552] Initializing cgroup subsys freezer
[    0.427249] Initializing cgroup subsys net_cls
[    0.427976] Initializing cgroup subsys perf_event
[    0.428705] Initializing cgroup subsys net_prio
[    0.429413] Initializing cgroup subsys hugetlb
[    0.430111] Initializing cgroup subsys pids
[    0.431610] mce: CPU supports 0 MCE banks
[    0.432345] Last level iTLB entries: 4KB 1024, 2MB 1024, 4MB 1024
[    0.433227] Last level dTLB entries: 4KB 1024, 2MB 1024, 4MB 1024, 1GB 4
[    0.434172] Spectre V2 : Mitigation: Full generic retpoline
[    0.434991] Spectre V2 : Spectre v2 / SpectreRSB mitigation: Filling RSB on context switch
[    0.436298] Speculative Store Bypass: Vulnerable
[    0.437112] MDS: Vulnerable: Clear CPU buffers attempted, no microcode
[    0.440060] Freeing SMP alternatives memory: 36K
[    0.444999] ftrace: allocating 32299 entries in 127 pages
[    0.489417] smpboot: APIC(0) Converting physical 0 to logical package 0
[    0.496401] smpboot: Max logical packages: 1
[    0.512147] x2apic enabled
[    0.512854] Switched APIC routing to physical x2apic.
[    0.514564] ..TIMER: vector=0x30 apic1=0 pin1=2 apic2=-1 pin2=-1
[    0.619441] smpboot: CPU0: Intel(R) Core(TM) i5-4460S CPU @ 2.90GHz (family: 0x6, model: 0x3c, stepping: 0x3)
[    0.735580] Performance Events: unsupported p6 CPU model 60 no PMU driver, software events only.
[    0.745813] KVM setup paravirtual spinlock
[    0.747495] x86: Booting SMP configuration:
[    0.748180] .... node  #0, CPUs:      #1
[    0.748929] kvm-clock: cpu 1, msr 0:7b4e3041, secondary cpu clock
[    0.750384] mce: CPU supports 0 MCE banks
[    0.752870]  #2
[    0.753823] kvm-clock: cpu 2, msr 0:7b4e3081, secondary cpu clock
[    0.755277] mce: CPU supports 0 MCE banks
[    0.757783]  #3
[    0.758154] kvm-clock: cpu 3, msr 0:7b4e30c1, secondary cpu clock
[    0.759640] mce: CPU supports 0 MCE banks
[    0.762058] x86: Booted up 1 node, 4 CPUs
[    0.780440] smpboot: Total of 4 processors activated (23150.49 BogoMIPS)
[    0.781813] devtmpfs: initialized
[    0.784501] evm: security.selinux
[    0.790335] evm: security.SMACK64
[    0.790910] evm: security.SMACK64EXEC
[    0.791595] evm: security.SMACK64TRANSMUTE
[    0.792258] evm: security.SMACK64MMAP
[    0.792882] evm: security.ima
[    0.813705] evm: security.capability
[    0.814496] clocksource: jiffies: mask: 0xffffffff max_cycles: 0xffffffff, max_idle_ns: 7645041785100000 ns
[    0.816035] futex hash table entries: 1024 (order: 4, 65536 bytes)
[    0.817144] pinctrl core: initialized pinctrl subsystem
[    0.822518] RTC time: 20:49:46, date: 07/08/19
[    0.842998] NET: Registered protocol family 16
[    0.891568] cpuidle: using governor ladder
[    0.919754] cpuidle: using governor menu
[    0.932124] PCCT header not found.
[    0.964397] ACPI: bus type PCI registered
[    0.968470] acpiphp: ACPI Hot Plug PCI Controller Driver version: 0.5
[    0.969556] PCI: Using configuration type 1 for base access
[    0.986307] ACPI: Added _OSI(Module Device)
[    1.030850] ACPI: Added _OSI(Processor Device)
[    1.031600] ACPI: Added _OSI(3.0 _SCP Extensions)
[    1.032389] ACPI: Added _OSI(Processor Aggregator Device)
[    1.033796] ACPI: Executed 1 blocks of module-level executable AML code
[    1.036583] ACPI: Interpreter enabled
[    1.045512] ACPI: (supports S0 S5)
[    1.046123] ACPI: Using IOAPIC for interrupt routing
[    1.047037] PCI: Using host bridge windows from ACPI; if necessary, use "pci=nocrs" and report a bug
[    1.051422] ACPI: PCI Root Bridge [PCI0] (domain 0000 [bus 00-ff])
[    1.052386] acpi PNP0A03:00: _OSC: OS supports [ASPM ClockPM Segments MSI]
[    1.053419] acpi PNP0A03:00: _OSC: not requesting OS control; OS requires [ExtendedConfig ASPM ClockPM MSI]
[    1.054900] acpi PNP0A03:00: fail to add MMCONFIG information, can't access extended PCI configuration space under this bridge.
[    1.056833] PCI host bridge to bus 0000:00
[    1.057521] pci_bus 0000:00: root bus resource [io  0x0000-0x0cf7 window]
[    1.058508] pci_bus 0000:00: root bus resource [io  0x0d00-0xffff window]
[    1.059490] pci_bus 0000:00: root bus resource [mem 0x000a0000-0x000bffff window]
[    1.060725] pci_bus 0000:00: root bus resource [mem 0x7b500000-0xfdffffff window]
[    1.061998] pci_bus 0000:00: root bus resource [bus 00-ff]
[    1.064160] pci 0000:00:01.1: legacy IDE quirk: reg 0x10: [io  0x01f0-0x01f7]
[    1.065211] pci 0000:00:01.1: legacy IDE quirk: reg 0x14: [io  0x03f6]
[    1.102309] pci 0000:00:01.1: legacy IDE quirk: reg 0x18: [io  0x0170-0x0177]
[    1.128371] pci 0000:00:01.1: legacy IDE quirk: reg 0x1c: [io  0x0376]
[    1.157662] pci 0000:00:07.0: quirk: [io  0x4000-0x403f] claimed by PIIX4 ACPI
[    1.195000] pci 0000:00:07.0: quirk: [io  0x4100-0x410f] claimed by PIIX4 SMB
[    1.232631] ACPI: PCI Interrupt Link [LNKA] (IRQs 5 9 10 *11)
[    1.278537] ACPI: PCI Interrupt Link [LNKB] (IRQs 5 9 *10 11)
[    1.344781] ACPI: PCI Interrupt Link [LNKC] (IRQs 5 *9 10 11)
[    1.377453] ACPI: PCI Interrupt Link [LNKD] (IRQs 5 9 10 *11)
[    1.415788] ACPI: Enabled 2 GPEs in block 00 to 07
[    1.451268] vgaarb: setting as boot device: PCI:0000:00:02.0
[    1.457720] vgaarb: device added: PCI:0000:00:02.0,decodes=io+mem,owns=io+mem,locks=none
[    1.474389] vgaarb: loaded
[    1.474899] vgaarb: bridge control possible 0000:00:02.0
[    1.475954] SCSI subsystem initialized
[    1.477302] ACPI: bus type USB registered
[    1.501265] usbcore: registered new interface driver usbfs
[    1.503186] usbcore: registered new interface driver hub
[    1.504047] usbcore: registered new device driver usb
[    1.505114] PCI: Using ACPI for IRQ routing
[    1.506092] NetLabel: Initializing
[    1.506692] NetLabel:  domain hash size = 128
[    1.507378] NetLabel:  protocols = UNLABELED CIPSOv4
[    1.509552] NetLabel:  unlabeled traffic allowed by default
[    1.510527] amd_nb: Cannot enumerate AMD northbridges
[    1.511441] clocksource: Switched to clocksource kvm-clock
[    1.517921] AppArmor: AppArmor Filesystem Enabled
   16654] np PP CP iit
[   .97545] p: nPACI:fond3 evce
   22058] loksure:acpi_m:ma: ffffff max_cycles: 0xffffff, max_idle_ns: 2085701024 ns
[    2.562199] NET: Registered protocol family 2
[    2.563071] TCP established hash table entries: 16384 (order: 5, 131072 bytes)
[    2.564316] TCP bind hash table entries: 16384 (order: 6, 262144 bytes)
[    2.565275] TCP: Hash tables configured (established 16384 bind 16384)
[    2.566215] UDP hash table entries: 1024 (order: 3, 32768 bytes)
[    2.567087] UDP-Lite hash table entries: 1024 (order: 3, 32768 bytes)
[    2.568051] NET: Registered protocol family 1
[    2.568751] pci 0000:00:00.0: Limiting direct PCI/PCI transfers
[    2.569625] pci 0000:00:01.0: Activating ISA DMA hang workarounds
[    2.570622] Unpacking initramfs...
[  2.74521 Freeing initrd memory: 14824K
[    2.826994] RAPL PMU detected, API unit is 2^-32 Joules, 4 fixed counters 10737418240 ms ovfl timer
[    2.828464] hw unit of domain pp0-core 2^-0 Joules
[    2.829197] hw unit of domain package 2^-0 Joules
[    2.829918] hw unit of domain dram 2^-0 Joules
[    2.830633] hw unit of domain pp1-gpu 2^-0 Joules
[    2.831364] clocksource: tsc: mask: 0xffffffffffffffff max_cycles: 0x29b66da2dd1, max_idle_ns: 440795352971 ns
[    2.832910] platform rtc_cmos: registered platform RTC device (no PNP device found)
[    2.834150] Scanning for low memory corruption every 60 seconds
[    2.835476] audit: initializing netlink subsys (disabled)
[    2.836355] audit: type=2000 audit(1562618992.093:1): initialized
[    2.837466] Initialise system trusted keyring

[    2.838410] HugeTLB registered 2 MB page size, pre-allocated 0 pages
[    2.840569] zbud: loaded
[    2.841401] VFS: Disk quotas dquot_6.6.0
[    2.842076] VFS: Dquot-cache hash table entries: 512 (order 0, 4096 bytes)
[    2.843250] squashfs: version 4.0 (2009/01/31) Phillip Lougher
[    2.844425] fuse init (API version 7.23)
[    2.845277] Key type big_key registered
[    2.845927] Allocating IMA MOK and blacklist keyrings.
[    2.848441] Key type asymmetric registered
[    2.913084] Asymmetric key parser 'x509' registered
[    2.985153] Block layer SCSI generic (bsg) driver version 0.4 loaded (major 249)
[    3.057438] io scheduler noop registered
[    3.058151] io scheduler deadline registered (default)
[    3.059064] io scheduler cfq registered
[    3.059894] pci_hotplug: PCI Hot Plug PCI Core version: 0.5
[    3.060748] pciehp: PCI Express Hot Plug Controller Driver version: 0.4
[    3.061794] ACPI: AC Adapter [AC] (on-line)
[    3.062517] input: Power Button as /devices/LNXSYSTM:00/LNXPWRBN:00/input/input0
[    3.063808] ACPI: Power Button [PWRF]
[    3.064475] input: Sleep Button as /devices/LNXSYSTM:00/LNXSLPBN:00/input/input1
[    3.065666] ACPI: Sleep Button [SLPF]
[    3.066607] GHES: HEST is not enabled!
[    3.128067] Serial: 8250/1650 diver 32 ort, IRQ aringenabld
[   .3937]0002 ttyS0 at I/O 0x3f8 (rq 4 bsebad  1520)isa 6550
   3.84286 Linx aggat inerfae 0.10
[    4.82500] oop:modue loded
[   4.96182] scsi host0: ata_piix

[    4.242500] scsi host1: ata_piix
[    4.243129] ata1: PATA max UDMA/33 cmd 0x1f0 ctl 0x3f6 bmdma 0xd000 irq 14
[    4.244159] ata2: PATA max UDMA/33 cmd 0x170 ctl 0x376 bmdma 0xd008 irq 15
[    4.245235] libphy: Fixed MDIO Bus: probed
[    4.247020] tun: Universal TUN/TAP device driver, 1.6
[    4.247849] tun: (C) 1999-2004 Max Krasnyansky <maxk@qualcomm.com>
[    4.248892] PPP generic driver version 2.4.2
[    4.249692] ehci_hcd: USB 2.0 'Enhanced' Host Controller (EHCI) Driver
[    4.250657] ehci-pci: EHCI PCI platform driver
[    4.251368] ehci-platform: EHCI generic platform driver
[    4.252201] ohci_hcd: USB 1.1 'Open' Host Controller (OHCI) Driver
[    4.253088] ohci-pci: OHCI PCI platform driver
[    4.253792] ohci-platform: OHCI generic platform driver
[    4.254605] uhci_hcd: USB Universal Host Controller Interface driver
[    4.255563] i8042: PNP: PS/2 Controller [PNP0303:PS2K,PNP0f03:PS2M] at 0x60,0x64 irq 1,12
[    4.257261] serio: i8042 KBD port at 0x60,0x64 irq 1
[    4.258023] serio: i8042 AUX port at 0x60,0x64 irq 12
[    4.259009] mousedev: PS/2 mouse device common for all mice
[    4.260242] input: AT Translated Set 2 keyboard as /devices/platform/i8042/serio0/input/input2
[    4.262022] rtc_cmos rtc_cmos: rtc core: registered rtc_cmos as rtc0
[    4.263011] rtc_cmos rtc_cmos: alarms up to one day, 114 bytes nvram
[    4.264001] i2c /dev entries driver
[    4.264653] device-mapper: uevent: version 1.0.3
[    4.265513] device-mapper: ioctl: 4.34.0-ioctl (2015-10-28) initialised: dm-devel@redhat.com
[    4.266866] ledtrig-cpu: registered to indicate activity on CPUs
[    4.268314] NET: Registered protocol family 10
[    4.269271] NET: Registered protocol family 17
[    4.270005] Key type dns_resolver registered
[    4.271276] registered taskstats version 1
[    4.272083] Loading compiled-in X.509 certificates
[    4.273515] Loaded X.509 cert 'Build time autogenerated kernel key: 65139e04a67245b562a838c28b5e7032abdd4348'
[    4.275100] zswap: loaded using pool lzo/zbud
[    4.277611] Key type trusted registered
[    4.347508] Key type encrypted registered
[    4.403916] AppArmor: AppArmor sha1 policy hashing enabled
[    4.485160] ima: No TPM chip found, activating TPM-bypass!
[    4.571893] ima: Allocated hash algorithm: sha1
[    4.581479] evm: HMAC attrs: 0x1
[    4.582447]   Magic number: 11:516:851
[    4.583094]  index3: hash matches
[    4.583749]  index3: hash matches
[    4.584324]  index3: hash matches
[    4.584924]  index3: hash matches
[    4.585607] rtc_cmos rtc_cmos: setting system clock to 2019-07-08 20:49:50 UTC (1562618990)
[    4.587165] BIOS EDD facility v0.16 2004-Jun-25, 0 devices found
[    4.589205] EDD information not available.
[    4.591022] Freeing unused kernel memory: 1484K
[    4.951530] Write protecting the kernel read-only data: 14336k
[    4.971091] Freeing unused kernel memory: 1616K
[    4.972094] Freeing unused kernel memory: 68K
Loading, please wait...
starting version[    4.985113] random: systemd-udevd: uninitialized urandom read (16 bytes read, 2 bits of entropy available)
 229
[    4.985638] random: udevadm: uninitialized urandom read (16 bytes read, 2 bits of entropy available)
[    4.985656] random: udevadm: uninitialized urandom read (16 bytes read, 2 bits of entropy available)
[    4.992702] random: udevadm: uninitialized urandom read (16 bytes read, 2 bits of entropy available)
[    4.992738] random: udevadm: uninitialized urandom read (16 bytes read, 2 bits of entropy available)
[    4.992929] random: udevadm: uninitialized urandom read (16 bytes read, 2 bits of entropy available)
[    4.992968] random: udevadm: uninitialized urandom read (16 bytes read, 2 bits of entropy available)
[    4.993009] random: udevadm: uninitialized urandom read (16 bytes read, 2 bits of entropy available)
[    4.993067] random: udevadm: uninitialized urandom read (16 bytes read, 2 bits of entropy available)
[    4.993106] random: udevadm: uninitialized urandom read (16 bytes read, 2 bits of entropy available)
[    5.721510] e1000: Intel(R) PRO/1000 Network Driver - version 7.3.21-k8-NAPI
[    5.722968] e1000: Copyright (c) 1999-2006 Intel Corporation.
[    5.724098] Fusion MPT base driver 3.04.20
[    5.724869] Copyright (c) 1999-2008 LSI Corporation
[    5.729580] Fusion MPT SPI Host driver 3.04.20
[    5.739048] AVX2 version of gcm_enc/dec engaged.
[    5.741004] AES CTR mode by8 optimization enabled
[    5.949555] input: ImExPS/2 Generic Explorer Mouse as /devices/platform/i8042/serio1/input/input4
[    6.063186] e1000 0000:00:03.0 eth0: (PCI:33MHz:32-bit) 02:bd:e0:5c:30:55
[    6.063189] e1000 0000:00:03.0 eth0: Intel(R) PRO/1000 Network Connection
[    6.411993] e1000 0000:00:08.0 eth1: (PCI:33MHz:32-bit) 08:00:27:3f:f5:69
[    6.514502] e1000 0000:00:08.0 eth1: Intel(R) PRO/1000 Network Connection
[    6.604674] e1000 0000:00:08.0 enp0s8: renamed from eth1
[    6.660970] mptbase: ioc0: Initiating bringup
[    6.671753] e1000 0000:00:03.0 enp0s3: renamed from eth0
[    6.731910] ioc0: LSI53C1030 A0: Capabilities={Initiator}
[    7.050124] scsi host2: ioc0: LSI53C1030 A0, FwRev=00000000h, Ports=1, MaxQ=256, IRQ=20
[    7.400584] scsi 2:0:0:0: Direct-Access     VBOX     HARDDISK         1.0  PQ: 0 ANSI: 5
[    7.438017] scsi target2:0:0: Beginning Domain Validation
[    7.439518] scsi target2:0:0: Domain Validation skipping write tests
[    7.440428] scsi target2:0:0: Ending Domain Validation
[    7.441227] scsi target2:0:0: asynchronous
[    7.444334] scsi 2:0:1:0: Direct-Access     VBOX     HARDDISK         1.0  PQ: 0 ANSI: 5
[    7.445611] scsi target2:0:1: Beginning Domain Validation
[    7.446912] scsi target2:0:1: Domain Validation skipping write tests
[    7.447865] scsi target2:0:1: Ending Domain Validation
[    7.448670] scsi target2:0:1: asynchronous
[    7.455006] sd 2:0:0:0: [sda] 20971520 512-byte logical blocks: (10.7 GB/10.0 GiB)
[    7.455073] sd 2:0:0:0: Attached scsi generic sg0 type 0
[    7.470720] sd 2:0:0:0: [sda] Write Protect is off
[    7.471251] sd 2:0:1:0: [sdb] 20480 512-byte logical blocks: (10.5 MB/10.0 MiB)
[    7.471549] sd 2:0:1:0: [sdb] Write Protect is off
[    7.471677] sd 2:0:1:0: [sdb] Incomplete mode parameter data
[    7.471678] sd 2:0:1:0: [sdb] Assuming drive cache: write through
[    7.472872] sd 2:0:1:0: Attached scsi generic sg1 type 0
[    7.478661] sd 2:0:0:0: [sda] Incomplete mode parameter data
[    7.479591] sd 2:0:0:0: [sda] Assuming drive cache: write through
[    7.492379]  sda: sda1
[    7.498785] sd 2:0:1:0: [sdb] Attached SCSI disk
[    7.601022] sd 2:0:0:0: [sda] Attached SCSI disk
Begin: Loading e[    8.908799] md: linear personality registered for level -1
ssential drivers ... [    8.923144] md: multipath personality registered for level -4
[    8.982114] md: raid0 personality registered for level 0
[    9.052925] md: raid1 personality registered for level 1
[    9.123486] raid6: sse2x1   gen() 10476 MB/s
[    9.231487] raid6: sse2x1   xor()  8164 MB/s
[    9.339500] raid6: sse2x2   gen() 13466 MB/s
[    9.451485] raid6: sse2x2   xor()  8268 MB/s
[    9.523488] raid6: sse2x4   gen() 15307 MB/s
[    9.591489] raid6: sse2x4   xor() 10601 MB/s
[    9.695503] raid6: avx2x1   gen() 20433 MB/s
[    9.767486] raid6: avx2x2   gen() 23681 MB/s
[    9.843487] raid6: avx2x4   gen() 27410 MB/s
[    9.853260] raid6: using algorithm avx2x4 gen() 27410 MB/s
[    9.854079] raid6: using avx2x2 recovery algorithm
[    9.856029] xor: automatically using best checksumming function:
[    9.931521]    avx       : 27913.000 MB/sec
[    9.969240] async_tx: api initialized (async)
[    9.980320] md: raid6 personality registered for level 6
[    9.981232] md: raid5 personality registered for level 5
[    9.982110] md: raid4 personality registered for level 4
[    9.989523] md: raid10 personality registered for level 10
done.
Begin: Running /scripts/init-premount ... done.
Begin: Mounting root file system ... Begin: Running /scripts/local-top ... done.
Begin: Running /scripts/local-premount ... [   10.021407] Btrfs loaded
Scanning for Btrfs filesystems
done.
Warning: fsck not present, so skipping root file[   10.071730] EXT4-fs (sda1): mounted filesystem with ordered data mode. Opts: (null)
 system
done.
Begin: Running /scripts/local-bottom ... done.
Begin: Running /scripts/init-bottom ... done.
[   10.576375] systemd[1]: systemd 229 running in system mode. (+PAM +AUDIT +SELINUX +IMA +APPARMOR +SMACK +SYSVINIT +UTMP +LIBCRYPTSETUP +GCRYPT +GNUTLS +ACL +XZ -LZ4 +SECCOMP +BLKID +ELFUTILS +KMOD -IDN)
[   10.582191] systemd[1]: Detected virtualization oracle.
[   10.583049] systemd[1]: Detected architecture x86-64.

Welcome to [1mUbuntu 16.04.6 LTS[0m!

[  1.85705] ssted[1]: Set ostna to <ubuntu>.
[ 110916] ysem[1: niiaizngmahie D ro rndom generator.
[   11.557385] systemd[1]: Installed transient /etc/machine-id file.
[  11.797123] random: nonblocking pool is initialized
[  12.222576] systed[1: Lsteing on Journal Socket (/dev/log).
[[0;32m  OK  [0m] Listening on Journal Socket (/dev/log).
[   12.350241] systemd[1]: Set up automount Arbitrary Executable File Formats File System Automount Point.
[[0;32m  OK  [0m] Set up automount Arbitrary Executab...ats File System Automount Point.
[   12.399868] systemd[1]: Reached target System Time Synchronized.
[[0;32m  OK  [0m] Reached target System Time Synchronized.
[   12.419852] systemd[1]: Listening on udev Kernel Socket.
[[0;32m  OK  [0m] Listening on udev Kernel Socket.
[   12.421658] systemd[1]: Listening on udev Control Socket.
[[0;32m  OK  [0m] Listening on udev Control Socket.
[   12.423724] systemd[1]: Created slice System Slice.
[[0;32m  OK  [0m] Created slice System Slice.
[   12.425698] systemd[1]: Created slice system-serial\x2dgetty.slice.
[[0;32m  OK  [0m] Created slice system-serial\x2dgetty.slice.
[  12.47718 sysemd[]: Listening on LVM2 poll daemon socket.
[[0;32m  OK  [0m] Listening on LVM2 poll daemon socket.
[   12.531571] systemd[1]: Listening on Device-mapper event daemon FIFOs.
[[0;32m  OK  [0m] Listening on Device-mapper event daemon FIFOs.
[   12.533568] systemd[1]: Reached target Swap.
[[0;32m  OK  [0m] Reached target Swap.
[   12.535147] systemd[1]: Listening on Syslog Socket.
[[0;32m  OK  [0m] Listening on Syslog Socket.
[   12.536933] systemd[1]: Started Forward Password Requests to Wall Directory Watch.
[[0;32m  OK  [0m] Started Forward Password Requests to Wall Directory Watch.
[   12.539311] systemd[1]: Listening on /dev/initctl Compatibility Named Pipe.
[[0;32m  OK  [0m] Listening on /dev/initctl Compatibility Named Pipe.
[   12.541645] systemd[1]: Created slice User and Session Slice.
[[0;32m  OK  [0m] Created slice User and Session Slice.
[   12.543523] systemd[1]: Reached target Slices.
[[0;32m  OK  [0m] Reached target Slices.
[   12.545134] systemd[1]: Reached target User and Group Name Lookups.
[[0;32m  OK  [0m] Reached target User and Group Name Lookups.
[   12.547086] systemd[1]: Listening on LVM2 metadata daemon socket.
[[0;32m  OK  [0m] Listening on LVM2 metadata daemon socket.
[   12.556178] systemd[1]: Reached target Encrypted Volumes.
[[0;32m  OK  [0m] Reached target Encrypted Volumes.
[   12.558137] systemd[1]: Started Trigger resolvconf upate for etwork DNS
[[0;32m  OK  [0m] Started Trigger resolvconf update for networkd DNS.
[   12.864453] systemd[1]: Listening on Journal Audit Socket.
[[0;32m  OK  [0m] Listening on Journal Audit Socket.
[  1.0613]syted[1]: Listening on Journal Socket.
[[0;32m  OK  [0m] Listening on Journal Socket.
[   13.536093] systemd[1]: Starting Load Kernel Modules...
         Starting Load Kernel Modules...
[   132787] Loadg iSSI tranort lass 2.0-0.
[   13.891689] systemd[1]: Starting Journal Service...
         Starting Journal Service...
[   13.974389] iscsi: registered transport (tcp)
[   14.587607] systemd[1]: Mounting Debug File System...
         Mounting Debug File System...
[   14.691661] systemd[1]: Starting Create list of required static device nodes for the current kernel...
         Starting Create [   14.746507] iscsi: registered transport (iser)
list of required st... nodes for the current kernel...
[   14.769920] systemd[1]: Mounting POSIX Message Queue File System...
         Mounting POSIX Message Queue File System...
[   14.811894] systemd[1]: Starting Set console keymap...
         Starting Set console keymap...
[   14.842687] systemd[1]: Starting Nameserver information manager...
         Starting Nameserver information manager...
[   14.947794] systemd[1]: Starting Remount Root and Kernel File Systems...
         Starting Remount Root and Kernel File Systems...
[   14.980742] EXT4-fs (sda1): re-mounted. Opts: (null)
[   15.588471] systemd[1]: Mounting Huge Pages File System...
         Mounting Huge Pages File System...
[   15.656455] systemd[1]: Starting Monitoring of LVM2 mirrors, snapshots etc. using dmeventd or progress polling...
         Starting Monitoring of LVM2 mirrors... dmeventd or progress polling...
[   15.665099] systemd[1]: Starting Uncomplicated firewall...
         Starting Uncomplicated firewall...
[   15.672167] systemd[1]: Mounted Debug File System.
[[0;32m  OK  [0m] Mounted Debug File System.
[   15.717069] systemd[1]: Mounted Huge Pages File System.
[[0;32m  OK  [0m] Mounted Huge Pages File System.
[   15.719243] systemd[1]: Mounted POSIX Message Queue File System.
[[0;32m  OK  [0m] Mounted POSIX Message Queue File System.
[   15.779899] systemd[1]: Started Journal Service.
[[0;32m  OK  [0m] Started Journal Service.
[[0;32m  OK  [0m] Started Load Kernel Modules.
[[0;32m  OK  [0m] Started Create list of required sta...ce nodes for the current kernel.
[[0;32m  OK  [0m] Started Set console keymap.
[[0;32m  OK  [0m] Started Remount Root and Kernel File Systems.
[[0;32m  OK  [0m] Started Uncomplicated firewall.
[[0;32m  OK  [0m] Started Nameserver information manager.
[[0;32m  OK  [0m] Started LVM2 metadata daemon.
         Starting udev Coldplug all Devices...
         Starting Load/Save Random Seed...
         Starting Create Static Device Nodes in /dev...
         Mounting FUSE Control File System...
         Starting Apply Kernel Variables...
         Starting Flush Journal to Persistent Storage...
[[0;32m  OK  [0m] Mounted FUSE Control File System.
[[0;32m  OK  [0m] Started Load/Save Random Seed.
[[0;32m  OK  [0m] Started Create Static Device Nodes in /dev.
[[0;32m  OK  [0m] Started Apply Kernel Variables.
[[0;32m  OK  [0m] Started udev Coldplug all Devices.
[[0;32m  OK  [0m] Started Monitoring of LVM2 mirrors,...ng dmeventd or progress polling.
         Starting udev Kernel Device Manager...
[[0;32m  OK  [0m] Reached target Local File Systems (Pre).
[[0;32m  OK  [0m] Reached target Local File Systems.
         Starting Set console font and keymap...
         Starting Tell Plymouth To Write Out Runtime Data...
         Starting Initial cloud-init job (pre-networking)...
         Starting Commit a transient machine-id on disk...
         Starting LSB: AppArmor initialization...
[[0;32m  OK  [0m] Started udev Kernel Device Manager.
[[0;32m  OK  [0m] Started Flush Journal to Persistent Storage.
[[0;32m  OK  [0m] Started Tell Plymouth To Write Out Runtime Data.
[[0;32m  OK  [0m] Started Commit a transient machine-id on disk.
[[0;32m  OK  [0m] Found device /dev/ttyS0.
         Starting Create Volatile Files and Directories...
[[0;32m  OK  [0m] Started Dispatch Password Requests to Console Directory Watch.
[[0;32m  OK  [0m] Listening on Load/Save RF Kill Switch Status /dev/rfkill Watch.
[[0;32m  OK  [0m] Started Create Volatile Files and Directories.
         Starting Update UTMP about System Boot/Shutdown...
[[0;32m  OK  [0m] Started Update UTMP about System Boot/Shutdown.
[[0;32m  OK  [0m] Started Set console font and keymap.
[[0;32m  OK  [0m] Created slice system-getty.slice.
[[0;32m  OK  [0m] Started LSB: AppArmor initialization.
[   18.416238] cloud-init[499]: Cloud-init v. 19.1-1-gbaa47854-0ubuntu1~16.04.1 running 'init-local' at Mon, 08 Jul 2019 20:50:05 +0000. Up 17.98 seconds.
[[0;32m  OK  [0m] Started Initial cloud-init job (pre-networking).
[[0;32m  OK  [0m] Reached target Network (Pre).
         Starting Raise network interfaces...
[[0;32m  OK  [0m] Started Raise network interfaces.
         Starting Initial cloud-init job (metadata service crawler)...
[[0;32m  OK  [0m] Reached target Network.
[   23.481829] cloud-init[976]: Cloud-init v. 19.1-1-gbaa47854-0ubuntu1~16.04.1 running 'init' at Mon, 08 Jul 2019 20:50:07 +0000. Up 19.95 seconds.
[   23.604357] [cloud-init[0;32m  OK  [0m[976]: ] ci-info: ++++++++++++++++++++++++++++++++++++++Net device info+++++++++++++++++++++++++++++++++++++++Started Initial cloud-init job (metadata service crawler).

[   23.604709] cloud-init[976]: ci-info: +--------+-------+----------------------------+---------------+--------+-------------------+[[0;32m  OK  [0m] Reached target Cloud-config availability.
[[0;32m  OK  [0m] Reached target Network is Online.

[   23.623583] cloud-init[976]: ci-info: | Device |   Up  |          Address           |      Mask     | Scope  |     Hw-Address    |
[   23.625430] cloud-init[976]: ci-info: +--------+-------+----------------------------+---------------+--------+-------------------+
[   23.627194] cloud-init[976]: ci-info: | enp0s3 |  True |         10.0.2.15          | 255.255.255.0 | global | 02:bd:e0:5c:30:55 |
[   23.628971] cloud-init[976]: ci-info: | enp0s3 |  True | fe80::bd:e0ff:fe5c:3055/64 |       .       |  link  | 02:bd:e0:5c:30:55 |
[   23.630723] cloud-init[976]: ci-info: | enp0s8 | False |             .              |       .       |   .    | 08:00:27:3f:f5:69 |
[   23.632519] cloud-init[976]: ci-info: |   lo   |  True |         127.0.0.1          |   255.0.0.0   |  host  |         .         |
[   23.688560] cloud-init[976]: ci-info: |   lo   |  True |          ::1/128           |       .       |  host  |         .         |
         Starting iSCSI initiator daemon (iscsid)...
[[0;32m  OK  [0m] Reached target System Initialization.
[[0;32m  OK  [0m] Listening on UUID daemon activation socket.
[[0;32m  OK  [0m] Started Daily apt download activities.
[[0;32m  OK  [0m] Started Daily apt upgrade and clean activities.
[[0;32m  OK  [0m] Started Daily Cleanup of Temporary Directories.
[[0;32m  OK  [0m] Reached target Timers.
[[0;32m  OK  [0m] Listening on D-Bus System Message Bus Socket.
[   23.749596] cloud-init[976]: ci-info: +--------+-------+----------------------------+---------------+--------+-------------------+
[   24.609835] cloud-init[976]: ci-info: +++++++++++++++++++++++++++Route IPv4 info++++++++++++++++++++++++++++
[   24.614793] cloud-init[976]: ci-info: +-------+-------------+----------+---------------+-----------+-------+
[[0;32m  OK  [0m] Started ACPI Events Check.
[[0;32m  OK  [0m] Reached target Paths.
[[0;32m  OK  [0m] Listening on ACPID Listen Socket.
         [   24.621362] Starting Socket activation for snappy daemon.cloud-init
[976]: ci-info: | Route | Destination | Gateway  |    Genmask    | Interface | Flags |
[   25.456747]          cloud-initStarting LXD - unix socket.[976]: 
ci-info: +-------+-------------+----------+---------------+-----------+-------+
[   25.514929] [cloud-init[0;32m  OK  [0m[976]: ] ci-info: |   0   |   0.0.0.0   | 10.0.2.2 |    0.0.0.0    |   enp0s3  |   UG  |Listening on Socket activation for snappy daemon.

[[   25.515192] [0;32m  OK  [0mcloud-init] [976]: Listening on LXD - unix socket.ci-info: |   1   |   10.0.2.0  | 0.0.0.0  | 255.255.255.0 |   enp0s3  |   U   |

[[0;32m  OK  [0m] Reached target Sockets.
[[   25.589520] [0;32m  OK  [0mcloud-init] [976]: Reached target Basic System.ci-info: +-------+-------------+----------+---------------+-----------+-------+

[   25.684615]          cloud-initStarting LSB: Record successful boot for GRUB...[976]: 
ci-info: +++++++++++++++++++Route IPv6 info+++++++++++++++++++
[   25.752340] [cloud-init[0;32m  OK  [0m[976]: ] ci-info: +-------+-------------+---------+-----------+-------+Started D-Bus System Message Bus.

[   25.752611] cloud-init[976]: ci-info: | Route | Destination | Gateway | Interface | Flags |
[   25.936311] cloud-init[976]: ci-info: +-------+-------------+---------+-----------+-------+
[   26.241969]          cloud-initStarting Pollinate to seed the pseudo random number generator...[976]: 
ci-info: |   0   |  fe80::/64  |    ::   |   enp0s3  |   U   |
         Starting Accounts Service...
[   26.400614] cloud-init[976]: ci-info: |   3   |   ff00::/8  |    ::   |   enp0s3  |   U   |
[   26.438309] [cloud-init[0;32m  OK  [0m[976]: ] ci-info: +-------+-------------+---------+-----------+-------+Started FUSE filesystem for LXC.

[   26.438576] cloud-init[976]: Generating public/private rsa key pair.
[   26.473771] cloud-init[976]: Your identification has been saved in /etc/ssh/ssh_host_rsa_key.
[   26.475332] cloud-init[976]: Your public key has been saved in /etc/ssh/ssh_host_rsa_key.pub.
[   26.476867] cloud-init[976]: The key fingerprint is:
[   26.478017] cloud-init[976]: SHA256:iEju4ul7/h3tlRFmaldgEir5UyyzovsOE4fbtonDcfY root@ubuntu-xenial
[   26.479614] cloud-init[976]: The key's randomart image is:
[   26.494588]          cloud-initStarting Login Service...[976]: 
+---[RSA 2048]----+
[   26.521159] [cloud-init[0;32m  OK  [0m[976]: ] |         o.o     |Started Deferred execution scheduler.

[   26.521392] cloud-init[976]: |      . o o .    |
[   26.572316]          cloud-initStarting System Logging Service...[976]: 
|  .  o + o + .   |
         Starting LXD - container startup/shutdown...
[   26.589316] cloud-init[976]: | o ...o.= + o    |
[   26.618919] cloud-init[976]: |  oo.o.+So o     |
[   26.619740] cloud-init[976]: | . .*o. + . o    |
[   26.627619]          cloud-initStarting LSB: MD monitoring daemon...[976]: 
|. o=+o.. . o     |
[   26.637235] cloud-init[976]: |...+* +Eo .      |
[   26.640932] cloud-init[976]: |.=++=* . .       |
[   26.651813] cloud-init[976]: +----[SHA256]-----+
[   26.652792] cloud-init[976]: Generating public/private dsa key pair.
[   26.653834] cloud-init[976]: Your identification has been saved in /etc/ssh/ssh_host_dsa_key.
[   26.907078] cloud-init[976]: Your public key has been saved in /etc/ssh/ssh_host_dsa_key.pub.
[   26.908437] cloud-init[976]: The key fingerprint is:
[   26.924237] cloud-init[976]: SHA256:pDIqFGX8u2Hz/fi+WWrLZYP5hmtF0r2KWnbv4/DINxU root@ubuntu-xenial
[   26.929274] cloud-init[976]: The key's randomart image is:
[   26.930384] cloud-init[976]: +---[DSA 1024]----+
[   26.944241] cloud-init[976]: |  .o             |
[   26.946541] cloud-init[976]: |  o.             |
[   26.951973] cloud-init[976]: | .  .   .   . .  |
[   26.960263] cloud-init[976]: |  .  . o   . o E |
[   26.961438] cloud-init[976]: | .  o o S   o   o|
[   26.962528] cloud-init[976]: |.  . B      o. ..|
[   26.963584] cloud-init[976]: |. . . = .  =+B. .|
[   26.965660] cloud-init[976]: | .   . . .==Xo*+ |
[   26.980398] cloud-init[976]: |         oB@=++=o|
[   26.981548] cloud-init[976]: +----[SHA256]-----+
[   26.982762] cloud-init[976]: Generating public/private ecdsa key pair.
[   26.988276] cloud-init[976]: Your identification has been saved in /etc/ssh/ssh_host_ecdsa_key.
[   26.992969] cloud-init[976]: Your public key has been saved in /etc/ssh/ssh_host_ecdsa_key.pub.
         Starting Snappy daemon...
[   27.032624] cloud-init[976]: The key fingerprint is:
[   27.034427] cloud-init[976]: SHA256:L9lgBdfVnFcweFc3ohLhbznLZ6WXRgotV2bPcFxXmf0 root@ubuntu-xenial
[   27.035697] cloud-init[976]: The key's randomart image is:
[   27.036616] cloud-init[976]: +---[ECDSA 256]---+
[   27.037414] cloud-init[976]: |        .oo. ++=/|
[   27.038268] cloud-init[976]: |        .o. + o*@|
[   27.039281] cloud-init[976]: |         o.. ..==|
[   27.040136] cloud-init[976]: |         .o o ++E|
[   27.056408] cloud-init[976]: |        S  B o oo|
[   27.057564] cloud-init[976]: |       . =o * = .|
[   27.058677] cloud-init[976]: |        o oo = + |
[   27.059796] cloud-init[976]: |         .  o o  |
[   27.060998] cloud-init[976]: |                 |
[   27.062097] cloud-init[976]: +----[SHA256]-----+
[   27.063152] cloud-init[976]: Generating public/private ed25519 key pair.
[   27.064410] cloud-init[976]: Your identification has been saved in /etc/ssh/ssh_host_ed25519_key.
[   27.065786] cloud-init[976]: Your public key has been saved in /etc/ssh/ssh_host_ed25519_key.pub.
[   27.125518] [cloud-init[0;32m  OK  [0m[976]: ] The key fingerprint is:Started ACPI event daemon.

[   27.125848] cloud-init[976]: SHA256:u2Nomnr8G8B7iVUdfM+ia6PkO7g6MhdjKC4qy8MM6ms root@ubuntu-xenial
[   27.196380] cloud-init[976]: The key's randomart image is:
[   27.227600] cloud-init[976]: +--[ED25519 256]--+
[   27.239372] cloud-init[976]: |         ..      |
[   27.371310] cloud-init[976]: |         ....    |
[[0;32m  OK  [0m] Started Regular background program processing daemon.
[   27.381414] cloud-init[976]: |        . .. o   |         Starting /etc/rc.local Compatibility...

[   27.396277]          cloud-initStarting Virtualbox guest utils...[976]: 
|   .   .    . o  |
[   27.420348] [[0;32m  OK  [0m] Started iSCSI initiator daemon (iscsid).
cloud-init[976]: |   .o . S  . .   |
[   27.444056] [[0;32m  OK  [0m] Started /etc/rc.local Compatibility.
cloud-init[976]: |o . += . ..      |
[   27.456296] cloud-init[976]: |*. ooo+oo  .     |
[   27.467582] cloud-init[976]: |=Eo =o+++.+      |
[   27.482026] cloud-init[976]: |O=+*+*++=* .     |
[   27.483387] cloud-init[976]: +----[SHA256]-----+
         Starting Login to default iSCSI targets...
[[0;32m  OK  [0m] Started Login Service.
[[0;32m  OK  [0m] Started Unattended Upgrades Shutdown.
         Starting Authenticate and Authorize Users to Run Privileged Tasks...
[[0;32m  OK  [0m] Started LSB: MD monitoring daemon.
[[0;32m  OK  [0m] Started System Logging Service.
[[0;32m  OK  [0m] Started Login to default iSCSI targets.
[[0;32m  OK  [0m] Reached target Remote File Systems (Pre).
[[0;32m  OK  [0m] Reached target Remote File Systems.
         Starting LSB: automatic crash report generation...
         Starting Permit User Sessions...
         Starting LSB: Set the CPU Frequency Scaling governor to "ondemand"...
         Starting LSB: daemon to balance interrupts for SMP systems...
[[0;32m  OK  [0m] Started LSB: Set the CPU Frequency Scaling governor to "ondemand".
[[0;32m  OK  [0m] Started Permit User Sessions.
         Starting Hold until boot process finishes up...
         Starting Terminate Plymouth Boot Screen...
[[0;32m  OK  [0m] Started Hold until boot process finishes up.
[[0;32m  OK  [0m] Started Serial Getty on ttyS0.
         Starting Set console scheme...
[[0;32m  OK  [0m] Started Getty on tty1.
[[0;32m  OK  [0m] Reached target Login Prompts.
[[0;32m  OK  [0m] Started LSB: Record successful boot for GRUB.
[[0;32m  OK  [0m] Started Terminate Plymouth Boot Screen.
[[0;32m  OK  [0m] Started LSB: daemon to balance interrupts for SMP systems.
[[0;32m  OK  [0m] Started LSB: automatic crash report generation.
[[0;32m  OK  [0m] Started Authenticate and Authorize Users to Run Privileged Tasks.
[[0;32m  OK  [0m] Started Accounts Service.
[[0;32m  OK  [0m] Started Set console scheme.
[[0;32m  OK  [0m] Started Virtualbox guest utils.
[[0;32m  OK  [0m] Started Snappy daemon.
         Starting Wait until snapd is fully seeded...
[[0;32m  OK  [0m] Started LXD - container startup/shutdown.
[[0;32m  OK  [0m] Started Pollinate to seed the pseudo random number generator.
         Starting OpenBSD Secure Shell server...
[[0;32m  OK  [0m] Started OpenBSD Secure Shell server.
[[0;32m  OK  [0m] Created slice User Slice of vagrant.
         Starting User Manager for UID 1000...
[[0;32m  OK  [0m] Started Session 1 of user vagrant.
[[0;32m  OK  [0m] Started User Manager for UID 1000.

Ubuntu 16.04.6 LTS ubuntu-xenial ttyS0

ubuntu-xenial login: [   35.965889] cloud-init[1450]: Generating locales (this might take a while)...
[   37.717457] cloud-init[1450]:   en_US.UTF-8... done
[   37.718022] cloud-init[1450]: Generation complete.
[   41.393178] cloud-init[1450]: Cloud-init v. 19.1-1-gbaa47854-0ubuntu1~16.04.1 running 'modules:config' at Mon, 08 Jul 2019 20:50:22 +0000. Up 35.40 seconds.
ci-info: no authorized ssh keys fingerprints found for user ubuntu.
<14>Jul  8 20:50:29 ec2: 
<14>Jul  8 20:50:29 ec2: #############################################################
<14>Jul  8 20:50:29 ec2: -----BEGIN SSH HOST KEY FINGERPRINTS-----
<14>Jul  8 20:50:29 ec2: 1024 SHA256:pDIqFGX8u2Hz/fi+WWrLZYP5hmtF0r2KWnbv4/DINxU root@ubuntu-xenial (DSA)
<14>Jul  8 20:50:29 ec2: 256 SHA256:L9lgBdfVnFcweFc3ohLhbznLZ6WXRgotV2bPcFxXmf0 root@ubuntu-xenial (ECDSA)
<14>Jul  8 20:50:29 ec2: 256 SHA256:u2Nomnr8G8B7iVUdfM+ia6PkO7g6MhdjKC4qy8MM6ms root@ubuntu-xenial (ED25519)
<14>Jul  8 20:50:29 ec2: 2048 SHA256:iEju4ul7/h3tlRFmaldgEir5UyyzovsOE4fbtonDcfY root@ubuntu-xenial (RSA)
<14>Jul  8 20:50:29 ec2: -----END SSH HOST KEY FINGERPRINTS-----
<14>Jul  8 20:50:29 ec2: #############################################################
-----BEGIN SSH HOST KEY KEYS-----
ecdsa-sha2-nistp256 AAAAE2VjZHNhLXNoYTItbmlzdHAyNTYAAAAIbmlzdHAyNTYAAABBBI2ME9jDEn3AL9PTKOvIT8FRxrtfkYQWBKm+kxi4tu3DV5LmXe1QxgOtPs7IpVjndxVfTPzeqP02Y56UT0fbnW0= root@ubuntu-xenial
ssh-ed25519 AAAAC3NzaC1lZDI1NTE5AAAAIAnol4mVf62kUIozulSfbGjq82HskYRDpoxJkOnkxg3Y root@ubuntu-xenial
ssh-rsa AAAAB3NzaC1yc2EAAAADAQABAAABAQCyL8V5cLk/vILU/xdxa2a4EFXY29Z3z1Ab05KVoMuK/QLXht/5hmwzP0i/xwdSku9BZORMt3SlpZnMSKqz4jB7KO9+v4KFlzrfNarWRWU0G3/b3VjxTxu7AWkKbXyKS21v935LnbcdMdGnvLoyGM2XAcFllZ/zHG+ui1Ywac9Y7gIfjzGlbngweJRvo8zbC6MxOTb3CW08JPfKzdxBtx0koBi+aaLAQRpl4jO3FMiEAei80NzYtoSI1d4vE5FbWnCEo5kW5vMWTAK4gNatTwU2/ArV1/65Ey3S+vcOiKxCNg7D9CqZjnFq4mGV+0mZ423vRq9Rqt1R2SKJthd64WQ1 root@ubuntu-xenial
-----END SSH HOST KEY KEYS-----
[   42.029761] cloud-init[1648]: Cloud-init v. 19.1-1-gbaa47854-0ubuntu1~16.04.1 running 'modules:final' at Mon, 08 Jul 2019 20:50:28 +0000. Up 41.66 seconds.
[   42.029951] cloud-init[1648]: ci-info: no authorized ssh keys fingerprints found for user ubuntu.
[   42.030067] cloud-init[1648]: Cloud-init v. 19.1-1-gbaa47854-0ubuntu1~16.04.1 finished at Mon, 08 Jul 2019 20:50:29 +0000. Datasource DataSourceNoCloud [seed=/dev/sdb][dsmode=net].  Up 42.02 seconds
[[0;32m  OK  [0m] Stopped target Graphical Interface.
         Stopping Session 6 of user vagrant.
         Stopping Authenticate and Authorize Users to Run Privileged Tasks...
         Stopping Accounts Service...
[[0;32m  OK  [0m] Stopped target Timers.
[[0;32m  OK  [0m] Stopped Daily Cleanup of Temporary Directories.
[[0;32m  OK  [0m] Stopped Clean PHP ses] Stopped Daily apt upgrade and clean activities.
[[0;32m  OK  [0m] Stopped Daily apt download activities.
[[0;32m  OK  [0m] Stopped target System Time Synchronized.
         Stopping MySQL Community Server...
[[0;32m  OK  [0m] Unmounted /var/lib/lxcfs.
[[0;32m  OK  [0m] Stopped Accounts Service.
[[0;32m  OK  [0m] Stopped Deferred execution scheduler.
[[0;32m  OK  [0m] Stopped System Logging Service.
[[0;32m  OK  [0m] Stopped ACPI event daemon.
[[0;32m  OK  [0m] Stopped Regular background program processing daemon.
[[0;32m  OK  [0m] Stopped Unattended Upgrades Shutdown.
[[0;32m  OK  [0m] Stopped Authenticate and Authorize Users to Run Privileged Tasks.
[[0;32m  OK  [0m] Stopped Serial Getty on ttyS0.
[[0;32m  OK  [0m] Stopped Getty on tty1.
[[0;32m  OK  [0m] Stopped OpenBSD Secure Shell server.
[[0;32m  OK  [0m] Stopped User Manager for UID 1000.
[[0;32m  OK  [0m] Stopped Session 6 of user vagrant.
[[0;32m  OK  [0m] Stopped D-Bus System Message Bus.
[[0;32m  OK  [0m] Stopped FUSE filesystem for LXC.
[[0;32m  OK  [0m] Stopped LXD - container startup/shutdown.
[[0;32m  OK  [0m] Stopped LSB: Set the CPU Frequency Scaling governor to "ondemand".
[[0;32m  OK  [0m] Stopped LSB: Record successful boot for GRUB.
[[0;32m  OK  [0m] Stopped Virtualbox guest utils.
[[0;32m  OK  [0m] Stopped LSB: daemon to balance interrupts for SMP systems.
[[0;32m  OK  [0m] Stopped LSB: MD monitoring daemon.
[[0;32m  OK  [0m] Stopped LSB: automatic crash report generation.
[[0;32m  OK  [0m] Removed slice User Slice of vagrant.
[[0;32m  OK  [0m] Removed slice system-getty.slice.
[[0;32m  OK  [0m] Removed slice system-serial\x2dgetty.slice.
         Stopping Permit User Sessions...
[[0;32m  OK  [0m] Stopped /etc/rc.local Compatibility.
         Stopping Login Service...
[[0;32m  OK  [0m] Stopped Permit User Sessions.
[[0;32m  OK  [0m] Stopped Login Service.
[[0;32m  OK  [0m] Stopped target User and Group Name Lookups.
[[0;32m  OK  [0m] Stopped MySQL Community Server.
[[0;32m  OK  [0m] Stopped LSB: Apache2 web server.
[[0;32m  OK  [0m] Stopped target Basic System.
[[0;32m  OK  [0m] Stopped target Sockets.
[[0;32m  OK  [0m] Closed Socket activation for snappy daemon.
[[0;32m  OK  [0m] Closed D-Bus System Message Bus Socket.
[[0;32m  OK  [0m] Closed Syslog Socket.
[[0;32m  OK  [0m] Closed UUID daemon activation socket.
[[0;32m  OK  [0m] Closed ACPID Listen Socket.
[[0;32m  OK  [0m] Closed LXD - unix socket.
[[0;32m  OK  [0m] Stopped target Slices.
[[0;32m  OK  [0m] Removed slice User and Session Slice.
[[0;32m  OK  [0m] Stopped target Paths.
[[0;32m  OK  [0m] Stopped Forward Password Requests to Wall Directory Watch.
[[0;32m  OK  [0m] Stopped Dispatch Password Requests to Console Directory Watch.
[[0;32m  OK  [0m] Stopped ACPI Events Check.
[[0;32m  OK  [0m] Stopped target Remote File Systems.
[[0;32m  OK  [0m] Stopped target Remote File Systems (Pre).
         Stopping Login to default iSCSI targets...
[[0;32m  OK  [0m] Stopped target System Initialization.
[[0;32m  OK  [0m] Stopped target Swap.
         Deactivating swap /var/swap.1...
[[0;32m  OK  [0m] Stopped Commit a transient machine-id on disk.
         Stopping Load/Save Random Seed...
         Stopping Update UTMP about System Boot/Shutdown...
[[0;32m  OK  [0m] Stopped target Encrypted Volumes.
[[0;32m  OK  [0m] Deactivated swap /var/swap.1.
[[0;32m  OK  [0m] Stopped Load/Save Random Seed.
[[0;32m  OK  [0m] Stopped Update UTMP about System Boot/Shutdown.
[[0;32m  OK  [0m] Stopped Create Volatile Files and Directories.
[[0;32m  OK  [0m] Stopped Login to default iSCSI targets.
         Stopping iSCSI initiator daemon (iscsid)...
[[0;32m  OK  [0m] Stopped iSCSI initiator daemon (iscsid).
[[0;32m  OK  [0m] Stopped target Network is Online.
[[0;32m  OK  [0m] Stopped Initial cloud-init job (metadata service crawler).
[[0;32m  OK  [0m] Stopped target Network.
         Stopping Raise network interfaces...
[[0;32m  OK  [0m] Stopped Raise network interfaces.
[[0;32m  OK  [0m] Stopped target Local File Systems.
         Unmounting /run/user/1000...
         Unmounting /vagrant...
[[0;32m  OK  [0m] Stopped Apply Kernel Variables.
[[0;32m  OK  [0m] Stopped Load Kernel Modules.
[[0;32m  OK  [0m] Stopped target Network (Pre).
[[0;32m  OK  [0m] Stopped Initial cloud-init job (pre-networking).
[[0;32m  OK  [0m] Unmounted /run/user/1000.
[[0;32m  OK  [0m] Unmounted /vagrant.
[[0;32m  OK  [0m] Reached target Unmount All Filesystems.
[[0;32m  OK  [0m] Stopped target Local File Systems (Pre).
         Stopping Monitoring of LVM2 mirrors... dmeventd or progress polling...
[[0;32m  OK  [0m] Stopped Remount Root and Kernel File Systems.
[[0;32m  OK  [0m] Stopped Create Static Device Nodes in /dev.
[[0;32m  OK  [0m] Reached target Shutdown.
[ 999534 reboot: Power down
